<?xml version="1.0" encoding="UTF-8"?>
<!-- Generated by org.testng.reporters.JUnitReportReporter -->
<testsuite skipped="0" hostname="DESKTOP-781E5G6" name="runner.TestRunner" tests="1" failures="0" timestamp="11 Jan 2018 16:39:24 GMT" time="23.934" errors="0">
  <testcase name="feature" time="23.934" classname="runner.TestRunner"/>
</testsuite> <!-- runner.TestRunner -->
